pi@raspi-4:~ $ ls -l
合計 212
-rwxr-xr-x 1 pi pi   1693  8月 22 18:53 1_inst_udpmon.sh
-rwxr-xr-x 1 pi pi    298  8月  5 15:05 2_create_postgresql_container.sh
-rwxr-xr-x 1 pi pi   1206  8月 23 15:06 3_migrate_weatherdb.sh
-rwxr-xr-x 1 pi pi    491  8月 23 19:49 4_inst_webapp.sh
drwxr-xr-x 2 pi pi   4096  4月  4 23:36 Bookshelf
drwxr-xr-x 2 pi pi   4096  4月  4 23:56 Desktop
drwxr-xr-x 2 pi pi   4096  4月  4 23:56 Documents
drwxr-xr-x 2 pi pi   4096  4月  4 23:56 Downloads
drwxr-xr-x 2 pi pi   4096  4月  4 23:56 Music
drwxr-xr-x 2 pi pi   4096  4月  4 23:56 Pictures
drwxr-xr-x 3 pi pi   4096  8月  3 14:23 PlotWeatherForRaspi4
drwxr-xr-x 2 pi pi   4096  4月  4 23:56 Public
drwxr-xr-x 2 pi pi   4096  4月  4 23:56 Templates
drwxr-xr-x 2 pi pi   4096  4月  4 23:56 Videos
drwxr-xr-x 3 pi pi   4096  8月 30 14:38 bin
drwxr-xr-x 3 pi pi   4096  8月  3 14:18 data
drwxr-xr-x 3 pi pi   4096  8月  3 14:18 db
drwxr-xr-x 3 pi pi   4096  8月  3 14:18 docker
drwxr-xr-x 3 pi pi   4096  8月  3 14:18 logs
-rw-r--r-- 1 pi pi 134914  9月  3 16:40 raspi4_app.tar.gz
drwxr-xr-x 3 pi pi   4096  9月  3 16:43 work

pi@raspi-4:~ $ export my_passwd=yourpasswd
pi@raspi-4:~ $ ./1_inst_udpmon.sh 
ヒット:1 http://deb.debian.org/debian bullseye InRelease
取得:2 http://deb.debian.org/debian bullseye-updates InRelease [44.1 kB]
取得:3 http://deb.debian.org/debian bullseye-updates/main arm64 Packages [2,604 B]    
取得:4 http://deb.debian.org/debian bullseye-updates/main armhf Packages [2,608 B]                        
取得:5 http://security.debian.org/debian-security bullseye-security InRelease [48.4 kB]                                                     
取得:6 http://security.debian.org/debian-security bullseye-security/main armhf Packages [175 kB]                                            
取得:7 http://security.debian.org/debian-security bullseye-security/main arm64 Packages [178 kB]                                            
取得:8 http://security.debian.org/debian-security bullseye-security/main Translation-en [113 kB]                                            
エラー:9 http://archive.raspberrypi.org/debian bullseye InRelease                                                                           
  'archive.raspberrypi.org' が一時的に解決できません
563 kB を 15秒 で取得しました (37.3 kB/s)                                                                                                   
パッケージリストを読み込んでいます... 完了
依存関係ツリーを作成しています... 完了
状態情報を読み取っています... 完了        
アップグレードできるパッケージが 22 個あります。表示するには 'apt list --upgradable' を実行してください。
W: http://archive.raspberrypi.org/debian/dists/bullseye/InRelease の取得に失敗しました  'archive.raspberrypi.org' が一時的に解決できません
W: いくつかのインデックスファイルのダウンロードに失敗しました。これらは無視されるか、古いものが代わりに使われます。
パッケージリストを読み込んでいます... 完了
依存関係ツリーを作成しています... 完了        
状態情報を読み取っています... 完了        
アップグレードパッケージを検出しています... 完了
以下のパッケージが自動でインストールされましたが、もう必要とされていません:
  libfuse2
これを削除するには 'sudo apt autoremove' を利用してください。
以下のパッケージはアップグレードされます:
  curl gstreamer1.0-plugins-good libcurl3-gnutls libcurl4 libgnutls30 libjavascriptcoregtk-4.0-18 libldb2 libsmbclient libsnmp-base
  libsnmp40 libtirpc-common libtirpc-dev libtirpc3 libwbclient0 libwebkit2gtk-4.0-37 libxslt1.1 python3-ldb samba-libs tzdata unzip zlib1g
  zlib1g-dev
アップグレード: 22 個、新規インストール: 0 個、削除: 0 個、保留: 0 個。
31.5 MB のアーカイブを取得する必要があります。
この操作後に追加で 10.2 kB のディスク容量が消費されます。
取得:1 http://security.debian.org/debian-security bullseye-security/main arm64 libgnutls30 arm64 3.7.1-5+deb11u2 [1,262 kB]
取得:2 http://security.debian.org/debian-security bullseye-security/main arm64 libsmbclient arm64 2:4.13.13+dfsg-1~deb11u5 [165 kB]
取得:3 http://security.debian.org/debian-security bullseye-security/main arm64 python3-ldb arm64 2:2.2.3-2~deb11u2 [45.4 kB]
取得:4 http://security.debian.org/debian-security bullseye-security/main arm64 libldb2 arm64 2:2.2.3-2~deb11u2 [139 kB]
取得:5 http://security.debian.org/debian-security bullseye-security/main arm64 samba-libs arm64 2:4.13.13+dfsg-1~deb11u5 [5,325 kB]
取得:6 http://security.debian.org/debian-security bullseye-security/main arm64 libwbclient0 arm64 2:4.13.13+dfsg-1~deb11u5 [308 kB]
取得:7 http://security.debian.org/debian-security bullseye-security/main arm64 zlib1g-dev arm64 1:1.2.11.dfsg-2+deb11u2 [189 kB]
取得:8 http://security.debian.org/debian-security bullseye-security/main arm64 zlib1g arm64 1:1.2.11.dfsg-2+deb11u2 [88.2 kB]
取得:9 http://security.debian.org/debian-security bullseye-security/main arm64 libtirpc-common all 1.3.1-1+deb11u1 [13.5 kB]
取得:10 http://security.debian.org/debian-security bullseye-security/main arm64 libtirpc-dev arm64 1.3.1-1+deb11u1 [193 kB]
取得:11 http://security.debian.org/debian-security bullseye-security/main arm64 libtirpc3 arm64 1.3.1-1+deb11u1 [80.2 kB]                   
取得:12 http://security.debian.org/debian-security bullseye-security/main arm64 curl arm64 7.74.0-1.3+deb11u2 [264 kB]                      
取得:13 http://security.debian.org/debian-security bullseye-security/main arm64 libcurl4 arm64 7.74.0-1.3+deb11u2 [325 kB]                  
取得:14 http://security.debian.org/debian-security bullseye-security/main arm64 gstreamer1.0-plugins-good arm64 1.18.4-2+deb11u1 [2,963 kB] 
取得:15 http://security.debian.org/debian-security bullseye-security/main arm64 libcurl3-gnutls arm64 7.74.0-1.3+deb11u2 [321 kB]           
取得:16 http://security.debian.org/debian-security bullseye-security/main arm64 libxslt1.1 arm64 1.1.34-4+deb11u1 [229 kB]                  
取得:17 http://security.debian.org/debian-security bullseye-security/main arm64 libwebkit2gtk-4.0-37 arm64 2.36.7-1~deb11u1 [10.8 MB]       
取得:18 http://deb.debian.org/debian bullseye-updates/main arm64 tzdata all 2021a-1+deb11u5 [284 kB]                                        
取得:19 http://security.debian.org/debian-security bullseye-security/main arm64 libjavascriptcoregtk-4.0-18 arm64 2.36.7-1~deb11u1 [4,125 kB]
取得:20 http://security.debian.org/debian-security bullseye-security/main arm64 libsnmp-base all 5.9+dfsg-4+deb11u1 [1,736 kB]              
取得:21 http://security.debian.org/debian-security bullseye-security/main arm64 libsnmp40 arm64 5.9+dfsg-4+deb11u1 [2,497 kB]               
取得:22 http://security.debian.org/debian-security bullseye-security/main arm64 unzip arm64 6.0-26+deb11u1 [165 kB]                         
31.5 MB を 23秒 で取得しました (1,396 kB/s)                                                                                                 
apt-listchanges: changelog を読み込んでいます...
パッケージを事前設定しています ...
(データベースを読み込んでいます ... 現在 92323 個のファイルとディレクトリがインストールされています。)
.../libgnutls30_3.7.1-5+deb11u2_arm64.deb を展開する準備をしています ...
libgnutls30:arm64 (3.7.1-5+deb11u2) で (3.7.1-5+deb11u1 に) 上書き展開しています ...
libgnutls30:arm64 (3.7.1-5+deb11u2) を設定しています ...
(データベースを読み込んでいます ... 現在 92323 個のファイルとディレクトリがインストールされています。)
.../0-libsmbclient_2%3a4.13.13+dfsg-1~deb11u5_arm64.deb を展開する準備をしています ...
libsmbclient:arm64 (2:4.13.13+dfsg-1~deb11u5) で (2:4.13.13+dfsg-1~deb11u4 に) 上書き展開しています ...
.../1-python3-ldb_2%3a2.2.3-2~deb11u2_arm64.deb を展開する準備をしています ...
python3-ldb (2:2.2.3-2~deb11u2) で (2:2.2.3-2~deb11u1 に) 上書き展開しています ...
.../2-libldb2_2%3a2.2.3-2~deb11u2_arm64.deb を展開する準備をしています ...
libldb2:arm64 (2:2.2.3-2~deb11u2) で (2:2.2.3-2~deb11u1 に) 上書き展開しています ...
.../3-samba-libs_2%3a4.13.13+dfsg-1~deb11u5_arm64.deb を展開する準備をしています ...
samba-libs:arm64 (2:4.13.13+dfsg-1~deb11u5) で (2:4.13.13+dfsg-1~deb11u4 に) 上書き展開しています ...
.../4-libwbclient0_2%3a4.13.13+dfsg-1~deb11u5_arm64.deb を展開する準備をしています ...
libwbclient0:arm64 (2:4.13.13+dfsg-1~deb11u5) で (2:4.13.13+dfsg-1~deb11u4 に) 上書き展開しています ...
.../5-zlib1g-dev_1%3a1.2.11.dfsg-2+deb11u2_arm64.deb を展開する準備をしています ...
zlib1g-dev:arm64 (1:1.2.11.dfsg-2+deb11u2) で (1:1.2.11.dfsg-2+deb11u1 に) 上書き展開しています ...
.../6-zlib1g_1%3a1.2.11.dfsg-2+deb11u2_arm64.deb を展開する準備をしています ...
zlib1g:arm64 (1:1.2.11.dfsg-2+deb11u2) で (1:1.2.11.dfsg-2+deb11u1 に) 上書き展開しています ...
zlib1g:arm64 (1:1.2.11.dfsg-2+deb11u2) を設定しています ...
(データベースを読み込んでいます ... 現在 92323 個のファイルとディレクトリがインストールされています。)
.../libtirpc-common_1.3.1-1+deb11u1_all.deb を展開する準備をしています ...
libtirpc-common (1.3.1-1+deb11u1) で (1.3.1-1 に) 上書き展開しています ...
libtirpc-common (1.3.1-1+deb11u1) を設定しています ...
(データベースを読み込んでいます ... 現在 92323 個のファイルとディレクトリがインストールされています。)
.../libtirpc-dev_1.3.1-1+deb11u1_arm64.deb を展開する準備をしています ...
libtirpc-dev:arm64 (1.3.1-1+deb11u1) で (1.3.1-1 に) 上書き展開しています ...
.../libtirpc3_1.3.1-1+deb11u1_arm64.deb を展開する準備をしています ...
libtirpc3:arm64 (1.3.1-1+deb11u1) で (1.3.1-1 に) 上書き展開しています ...
libtirpc3:arm64 (1.3.1-1+deb11u1) を設定しています ...
(データベースを読み込んでいます ... 現在 92323 個のファイルとディレクトリがインストールされています。)
.../00-tzdata_2021a-1+deb11u5_all.deb を展開する準備をしています ...
tzdata (2021a-1+deb11u5) で (2021a-1+deb11u4 に) 上書き展開しています ...
.../01-curl_7.74.0-1.3+deb11u2_arm64.deb を展開する準備をしています ...
curl (7.74.0-1.3+deb11u2) で (7.74.0-1.3+deb11u1 に) 上書き展開しています ...
.../02-libcurl4_7.74.0-1.3+deb11u2_arm64.deb を展開する準備をしています ...
libcurl4:arm64 (7.74.0-1.3+deb11u2) で (7.74.0-1.3+deb11u1 に) 上書き展開しています ...
.../03-gstreamer1.0-plugins-good_1.18.4-2+deb11u1_arm64.deb を展開する準備をしています ...
gstreamer1.0-plugins-good:arm64 (1.18.4-2+deb11u1) で (1.18.4-2+~rpt1 に) 上書き展開しています ...
.../04-libcurl3-gnutls_7.74.0-1.3+deb11u2_arm64.deb を展開する準備をしています ...
libcurl3-gnutls:arm64 (7.74.0-1.3+deb11u2) で (7.74.0-1.3+deb11u1 に) 上書き展開しています ...
.../05-libxslt1.1_1.1.34-4+deb11u1_arm64.deb を展開する準備をしています ...
libxslt1.1:arm64 (1.1.34-4+deb11u1) で (1.1.34-4 に) 上書き展開しています ...
.../06-libwebkit2gtk-4.0-37_2.36.7-1~deb11u1_arm64.deb を展開する準備をしています ...
libwebkit2gtk-4.0-37:arm64 (2.36.7-1~deb11u1) で (2.36.4-1~deb11u1 に) 上書き展開しています ...
.../07-libjavascriptcoregtk-4.0-18_2.36.7-1~deb11u1_arm64.deb を展開する準備をしています ...
libjavascriptcoregtk-4.0-18:arm64 (2.36.7-1~deb11u1) で (2.36.4-1~deb11u1 に) 上書き展開しています ...
.../08-libsnmp-base_5.9+dfsg-4+deb11u1_all.deb を展開する準備をしています ...
libsnmp-base (5.9+dfsg-4+deb11u1) で (5.9+dfsg-3 に) 上書き展開しています ...
.../09-libsnmp40_5.9+dfsg-4+deb11u1_arm64.deb を展開する準備をしています ...
libsnmp40:arm64 (5.9+dfsg-4+deb11u1) で (5.9+dfsg-3+b1 に) 上書き展開しています ...
.../10-unzip_6.0-26+deb11u1_arm64.deb を展開する準備をしています ...
unzip (6.0-26+deb11u1) で (6.0-26 に) 上書き展開しています ...
libsnmp-base (5.9+dfsg-4+deb11u1) を設定しています ...
gstreamer1.0-plugins-good:arm64 (1.18.4-2+deb11u1) を設定しています ...
unzip (6.0-26+deb11u1) を設定しています ...
libjavascriptcoregtk-4.0-18:arm64 (2.36.7-1~deb11u1) を設定しています ...
libcurl3-gnutls:arm64 (7.74.0-1.3+deb11u2) を設定しています ...
libwbclient0:arm64 (2:4.13.13+dfsg-1~deb11u5) を設定しています ...
tzdata (2021a-1+deb11u5) を設定しています ...

Current default time zone: 'Asia/Tokyo'
Local time is now:      Sat Sep  3 16:57:11 JST 2022.
Universal Time is now:  Sat Sep  3 07:57:11 UTC 2022.
Run 'dpkg-reconfigure tzdata' if you wish to change it.

libsnmp40:arm64 (5.9+dfsg-4+deb11u1) を設定しています ...
libtirpc-dev:arm64 (1.3.1-1+deb11u1) を設定しています ...
zlib1g-dev:arm64 (1:1.2.11.dfsg-2+deb11u2) を設定しています ...
libxslt1.1:arm64 (1.1.34-4+deb11u1) を設定しています ...
libcurl4:arm64 (7.74.0-1.3+deb11u2) を設定しています ...
curl (7.74.0-1.3+deb11u2) を設定しています ...
libldb2:arm64 (2:2.2.3-2~deb11u2) を設定しています ...
python3-ldb (2:2.2.3-2~deb11u2) を設定しています ...
libwebkit2gtk-4.0-37:arm64 (2.36.7-1~deb11u1) を設定しています ...
samba-libs:arm64 (2:4.13.13+dfsg-1~deb11u5) を設定しています ...
libsmbclient:arm64 (2:4.13.13+dfsg-1~deb11u5) を設定しています ...
libc-bin (2.31-13+rpt2+rpi1+deb11u3) のトリガを処理しています ...
man-db (2.9.4-2) のトリガを処理しています ...
mailcap (3.69) のトリガを処理しています ...
パッケージリストを読み込んでいます... 完了
依存関係ツリーを作成しています... 完了        
状態情報を読み取っています... 完了        
python3-venv はすでに最新バージョン (3.9.2-3) です。
python3-venv は手動でインストールしたと設定されました。
以下のパッケージが自動でインストールされましたが、もう必要とされていません:
  libfuse2
これを削除するには 'sudo apt autoremove' を利用してください。
以下の追加パッケージがインストールされます:
  apparmor cgroupfs-mount containerd docker.io iptables libintl-perl libintl-xs-perl libip6tc2 libmodule-find-perl libmodule-scandeps-perl
  libnetfilter-conntrack3 libnfnetlink0 libproc-processtable-perl libsort-naturally-perl libterm-readkey-perl needrestart python3-attr
  python3-cached-property python3-docker python3-dockerpty python3-docopt python3-importlib-metadata python3-jsonschema
  python3-more-itertools python3-pyrsistent python3-texttable python3-websocket python3-yaml python3-zipp runc tini
提案パッケージ:
  apparmor-profiles-extra apparmor-utils containernetworking-plugins docker-doc aufs-tools btrfs-progs debootstrap rinse rootlesskit
  xfsprogs zfs-fuse | zfsutils-linux firewalld needrestart-session | libnotify-bin iucode-tool python-attr-doc python-jsonschema-doc
  sqlite3-doc
推奨パッケージ:
  criu
以下のパッケージが新たにインストールされます:
  apparmor cgroupfs-mount containerd docker-compose docker.io iptables libintl-perl libintl-xs-perl libip6tc2 libmodule-find-perl
  libmodule-scandeps-perl libnetfilter-conntrack3 libnfnetlink0 libproc-processtable-perl libsort-naturally-perl libterm-readkey-perl
  needrestart python3-attr python3-cached-property python3-docker python3-dockerpty python3-docopt python3-importlib-metadata
  python3-jsonschema python3-more-itertools python3-pyrsistent python3-texttable python3-websocket python3-yaml python3-zipp runc sqlite3
  tini
アップグレード: 0 個、新規インストール: 33 個、削除: 0 個、保留: 0 個。
49.6 MB のアーカイブを取得する必要があります。
この操作後に追加で 239 MB のディスク容量が消費されます。
取得:1 http://deb.debian.org/debian bullseye/main arm64 runc arm64 1.0.0~rc93+ds1-5+deb11u2 [2,078 kB]
取得:2 http://deb.debian.org/debian bullseye/main arm64 containerd arm64 1.4.13~ds1-1~deb11u2 [14.7 MB]
取得:3 http://deb.debian.org/debian bullseye/main arm64 libip6tc2 arm64 1.8.7-1 [34.3 kB]                                                   
取得:4 http://deb.debian.org/debian bullseye/main arm64 libnfnetlink0 arm64 1.0.1-3+b1 [12.0 kB]                                            
取得:5 http://deb.debian.org/debian bullseye/main arm64 libnetfilter-conntrack3 arm64 1.0.8-3 [38.2 kB]                                     
取得:6 http://deb.debian.org/debian bullseye/main arm64 iptables arm64 1.8.7-1 [368 kB]                                                     
取得:7 http://deb.debian.org/debian bullseye/main arm64 tini arm64 0.19.0-1 [209 kB]                                                        
取得:8 http://deb.debian.org/debian bullseye/main arm64 docker.io arm64 20.10.5+dfsg1-1+deb11u2 [28.8 MB]                                   
取得:9 http://deb.debian.org/debian bullseye/main arm64 apparmor arm64 2.13.6-10 [601 kB]                                                   
取得:10 http://deb.debian.org/debian bullseye/main arm64 cgroupfs-mount all 1.4 [6,276 B]                                                   
取得:11 http://deb.debian.org/debian bullseye/main arm64 python3-cached-property all 1.5.2-1 [12.5 kB]                                      
取得:12 http://deb.debian.org/debian bullseye/main arm64 python3-websocket all 0.57.0-1 [34.3 kB]                                           
取得:13 http://deb.debian.org/debian bullseye/main arm64 python3-docker all 4.1.0-1.2 [85.2 kB]                                             
取得:14 http://deb.debian.org/debian bullseye/main arm64 python3-dockerpty all 0.4.1-2 [11.1 kB]                                            
取得:15 http://deb.debian.org/debian bullseye/main arm64 python3-docopt all 0.6.2-3 [26.6 kB]                                               
取得:16 http://deb.debian.org/debian bullseye/main arm64 python3-attr all 20.3.0-1 [52.9 kB]                                                
取得:17 http://deb.debian.org/debian bullseye/main arm64 python3-more-itertools all 4.2.0-3 [42.7 kB]                                       
取得:18 http://deb.debian.org/debian bullseye/main arm64 python3-zipp all 1.0.0-3 [6,060 B]                                                 
取得:19 http://deb.debian.org/debian bullseye/main arm64 python3-importlib-metadata all 1.6.0-2 [10.3 kB]                                   
取得:20 http://deb.debian.org/debian bullseye/main arm64 python3-pyrsistent arm64 0.15.5-1+b3 [58.2 kB]                                     
取得:21 http://deb.debian.org/debian bullseye/main arm64 python3-jsonschema all 3.2.0-3 [46.3 kB]                                           
取得:22 http://deb.debian.org/debian bullseye/main arm64 python3-texttable all 1.6.3-2 [12.4 kB]                                            
取得:23 http://deb.debian.org/debian bullseye/main arm64 python3-yaml arm64 5.3.1-5 [118 kB]                                                
取得:24 http://deb.debian.org/debian bullseye/main arm64 docker-compose all 1.25.0-1 [119 kB]                                               
取得:25 http://deb.debian.org/debian bullseye/main arm64 libintl-perl all 1.26-3+deb11u1 [742 kB]                                           
取得:26 http://deb.debian.org/debian bullseye/main arm64 libintl-xs-perl arm64 1.26-3+deb11u1 [40.3 kB]                                     
取得:27 http://deb.debian.org/debian bullseye/main arm64 libmodule-find-perl all 0.15-1 [11.0 kB]                                           
取得:28 http://deb.debian.org/debian bullseye/main arm64 libmodule-scandeps-perl all 1.30-1 [44.9 kB]                                       
取得:29 http://deb.debian.org/debian bullseye/main arm64 libproc-processtable-perl arm64 0.59-2+b1 [45.7 kB]                                
取得:30 http://deb.debian.org/debian bullseye/main arm64 libsort-naturally-perl all 1.03-2 [13.5 kB]                                        
取得:31 http://deb.debian.org/debian bullseye/main arm64 libterm-readkey-perl arm64 2.38-1+b2 [27.3 kB]                                     
取得:32 http://deb.debian.org/debian bullseye/main arm64 needrestart all 3.5-4+deb11u2 [62.4 kB]                                            
取得:33 http://deb.debian.org/debian bullseye/main arm64 sqlite3 arm64 3.34.1-3 [1,115 kB]                                                  
49.6 MB を 29秒 で取得しました (1,684 kB/s)                                                                                                 
パッケージからテンプレートを展開しています: 100%
パッケージを事前設定しています ...
以前に未選択のパッケージ runc を選択しています。
(データベースを読み込んでいます ... 現在 92322 個のファイルとディレクトリがインストールされています。)
.../00-runc_1.0.0~rc93+ds1-5+deb11u2_arm64.deb を展開する準備をしています ...
runc (1.0.0~rc93+ds1-5+deb11u2) を展開しています...
以前に未選択のパッケージ containerd を選択しています。
.../01-containerd_1.4.13~ds1-1~deb11u2_arm64.deb を展開する準備をしています ...
containerd (1.4.13~ds1-1~deb11u2) を展開しています...
以前に未選択のパッケージ libip6tc2:arm64 を選択しています。
.../02-libip6tc2_1.8.7-1_arm64.deb を展開する準備をしています ...
libip6tc2:arm64 (1.8.7-1) を展開しています...
以前に未選択のパッケージ libnfnetlink0:arm64 を選択しています。
.../03-libnfnetlink0_1.0.1-3+b1_arm64.deb を展開する準備をしています ...
libnfnetlink0:arm64 (1.0.1-3+b1) を展開しています...
以前に未選択のパッケージ libnetfilter-conntrack3:arm64 を選択しています。
.../04-libnetfilter-conntrack3_1.0.8-3_arm64.deb を展開する準備をしています ...
libnetfilter-conntrack3:arm64 (1.0.8-3) を展開しています...
以前に未選択のパッケージ iptables を選択しています。
.../05-iptables_1.8.7-1_arm64.deb を展開する準備をしています ...
iptables (1.8.7-1) を展開しています...
以前に未選択のパッケージ tini を選択しています。
.../06-tini_0.19.0-1_arm64.deb を展開する準備をしています ...
tini (0.19.0-1) を展開しています...
以前に未選択のパッケージ docker.io を選択しています。
.../07-docker.io_20.10.5+dfsg1-1+deb11u2_arm64.deb を展開する準備をしています ...
docker.io (20.10.5+dfsg1-1+deb11u2) を展開しています...
以前に未選択のパッケージ apparmor を選択しています。
.../08-apparmor_2.13.6-10_arm64.deb を展開する準備をしています ...
apparmor (2.13.6-10) を展開しています...
以前に未選択のパッケージ cgroupfs-mount を選択しています。
.../09-cgroupfs-mount_1.4_all.deb を展開する準備をしています ...
cgroupfs-mount (1.4) を展開しています...
以前に未選択のパッケージ python3-cached-property を選択しています。
.../10-python3-cached-property_1.5.2-1_all.deb を展開する準備をしています ...
python3-cached-property (1.5.2-1) を展開しています...
以前に未選択のパッケージ python3-websocket を選択しています。
.../11-python3-websocket_0.57.0-1_all.deb を展開する準備をしています ...
python3-websocket (0.57.0-1) を展開しています...
以前に未選択のパッケージ python3-docker を選択しています。
.../12-python3-docker_4.1.0-1.2_all.deb を展開する準備をしています ...
python3-docker (4.1.0-1.2) を展開しています...
以前に未選択のパッケージ python3-dockerpty を選択しています。
.../13-python3-dockerpty_0.4.1-2_all.deb を展開する準備をしています ...
python3-dockerpty (0.4.1-2) を展開しています...
以前に未選択のパッケージ python3-docopt を選択しています。
.../14-python3-docopt_0.6.2-3_all.deb を展開する準備をしています ...
python3-docopt (0.6.2-3) を展開しています...
以前に未選択のパッケージ python3-attr を選択しています。
.../15-python3-attr_20.3.0-1_all.deb を展開する準備をしています ...
python3-attr (20.3.0-1) を展開しています...
以前に未選択のパッケージ python3-more-itertools を選択しています。
.../16-python3-more-itertools_4.2.0-3_all.deb を展開する準備をしています ...
python3-more-itertools (4.2.0-3) を展開しています...
以前に未選択のパッケージ python3-zipp を選択しています。
.../17-python3-zipp_1.0.0-3_all.deb を展開する準備をしています ...
python3-zipp (1.0.0-3) を展開しています...
以前に未選択のパッケージ python3-importlib-metadata を選択しています。
.../18-python3-importlib-metadata_1.6.0-2_all.deb を展開する準備をしています ...
python3-importlib-metadata (1.6.0-2) を展開しています...
以前に未選択のパッケージ python3-pyrsistent:arm64 を選択しています。
.../19-python3-pyrsistent_0.15.5-1+b3_arm64.deb を展開する準備をしています ...
python3-pyrsistent:arm64 (0.15.5-1+b3) を展開しています...
以前に未選択のパッケージ python3-jsonschema を選択しています。
.../20-python3-jsonschema_3.2.0-3_all.deb を展開する準備をしています ...
python3-jsonschema (3.2.0-3) を展開しています...
以前に未選択のパッケージ python3-texttable を選択しています。
.../21-python3-texttable_1.6.3-2_all.deb を展開する準備をしています ...
python3-texttable (1.6.3-2) を展開しています...
以前に未選択のパッケージ python3-yaml を選択しています。
.../22-python3-yaml_5.3.1-5_arm64.deb を展開する準備をしています ...
python3-yaml (5.3.1-5) を展開しています...
以前に未選択のパッケージ docker-compose を選択しています。
.../23-docker-compose_1.25.0-1_all.deb を展開する準備をしています ...
docker-compose (1.25.0-1) を展開しています...
以前に未選択のパッケージ libintl-perl を選択しています。
.../24-libintl-perl_1.26-3+deb11u1_all.deb を展開する準備をしています ...
libintl-perl (1.26-3+deb11u1) を展開しています...
以前に未選択のパッケージ libintl-xs-perl を選択しています。
.../25-libintl-xs-perl_1.26-3+deb11u1_arm64.deb を展開する準備をしています ...
libintl-xs-perl (1.26-3+deb11u1) を展開しています...
以前に未選択のパッケージ libmodule-find-perl を選択しています。
.../26-libmodule-find-perl_0.15-1_all.deb を展開する準備をしています ...
libmodule-find-perl (0.15-1) を展開しています...
以前に未選択のパッケージ libmodule-scandeps-perl を選択しています。
.../27-libmodule-scandeps-perl_1.30-1_all.deb を展開する準備をしています ...
libmodule-scandeps-perl (1.30-1) を展開しています...
以前に未選択のパッケージ libproc-processtable-perl を選択しています。
.../28-libproc-processtable-perl_0.59-2+b1_arm64.deb を展開する準備をしています ...
libproc-processtable-perl (0.59-2+b1) を展開しています...
以前に未選択のパッケージ libsort-naturally-perl を選択しています。
.../29-libsort-naturally-perl_1.03-2_all.deb を展開する準備をしています ...
libsort-naturally-perl (1.03-2) を展開しています...
以前に未選択のパッケージ libterm-readkey-perl を選択しています。
.../30-libterm-readkey-perl_2.38-1+b2_arm64.deb を展開する準備をしています ...
libterm-readkey-perl (2.38-1+b2) を展開しています...
以前に未選択のパッケージ needrestart を選択しています。
.../31-needrestart_3.5-4+deb11u2_all.deb を展開する準備をしています ...
needrestart (3.5-4+deb11u2) を展開しています...
以前に未選択のパッケージ sqlite3 を選択しています。
.../32-sqlite3_3.34.1-3_arm64.deb を展開する準備をしています ...
sqlite3 (3.34.1-3) を展開しています...
python3-cached-property (1.5.2-1) を設定しています ...
python3-more-itertools (4.2.0-3) を設定しています ...
python3-attr (20.3.0-1) を設定しています ...
python3-texttable (1.6.3-2) を設定しています ...
python3-docopt (0.6.2-3) を設定しています ...
libip6tc2:arm64 (1.8.7-1) を設定しています ...
python3-yaml (5.3.1-5) を設定しています ...
python3-zipp (1.0.0-3) を設定しています ...
runc (1.0.0~rc93+ds1-5+deb11u2) を設定しています ...
apparmor (2.13.6-10) を設定しています ...
Created symlink /etc/systemd/system/sysinit.target.wants/apparmor.service → /lib/systemd/system/apparmor.service.
libmodule-find-perl (0.15-1) を設定しています ...
tini (0.19.0-1) を設定しています ...
python3-pyrsistent:arm64 (0.15.5-1+b3) を設定しています ...
libproc-processtable-perl (0.59-2+b1) を設定しています ...
libnfnetlink0:arm64 (1.0.1-3+b1) を設定しています ...
libintl-perl (1.26-3+deb11u1) を設定しています ...
cgroupfs-mount (1.4) を設定しています ...
libterm-readkey-perl (2.38-1+b2) を設定しています ...
containerd (1.4.13~ds1-1~deb11u2) を設定しています ...
Created symlink /etc/systemd/system/multi-user.target.wants/containerd.service → /lib/systemd/system/containerd.service.
libsort-naturally-perl (1.03-2) を設定しています ...
python3-websocket (0.57.0-1) を設定しています ...
update-alternatives: /usr/bin/wsdump (wsdump) を提供するために自動モードで /usr/bin/python3-wsdump を使います
libmodule-scandeps-perl (1.30-1) を設定しています ...
sqlite3 (3.34.1-3) を設定しています ...
python3-dockerpty (0.4.1-2) を設定しています ...
needrestart (3.5-4+deb11u2) を設定しています ...
python3-importlib-metadata (1.6.0-2) を設定しています ...
python3-docker (4.1.0-1.2) を設定しています ...
libintl-xs-perl (1.26-3+deb11u1) を設定しています ...
python3-jsonschema (3.2.0-3) を設定しています ...
libnetfilter-conntrack3:arm64 (1.0.8-3) を設定しています ...
docker-compose (1.25.0-1) を設定しています ...
iptables (1.8.7-1) を設定しています ...
update-alternatives: /usr/sbin/iptables (iptables) を提供するために自動モードで /usr/sbin/iptables-legacy を使います
update-alternatives: /usr/sbin/ip6tables (ip6tables) を提供するために自動モードで /usr/sbin/ip6tables-legacy を使います
update-alternatives: /usr/sbin/iptables (iptables) を提供するために自動モードで /usr/sbin/iptables-nft を使います
update-alternatives: /usr/sbin/ip6tables (ip6tables) を提供するために自動モードで /usr/sbin/ip6tables-nft を使います
update-alternatives: /usr/sbin/arptables (arptables) を提供するために自動モードで /usr/sbin/arptables-nft を使います
update-alternatives: /usr/sbin/ebtables (ebtables) を提供するために自動モードで /usr/sbin/ebtables-nft を使います
docker.io (20.10.5+dfsg1-1+deb11u2) を設定しています ...
グループ `docker' (グループ ID 124) を追加しています...
完了。
Created symlink /etc/systemd/system/multi-user.target.wants/docker.service → /lib/systemd/system/docker.service.
Created symlink /etc/systemd/system/sockets.target.wants/docker.socket → /lib/systemd/system/docker.socket.
libc-bin (2.31-13+rpt2+rpi1+deb11u3) のトリガを処理しています ...
man-db (2.9.4-2) のトリガを処理しています ...
パッケージリストを読み込んでいます... 完了
依存関係ツリーを作成しています... 完了        
状態情報を読み取っています... 完了        
以下のパッケージは「削除」されます:
  libfuse2
アップグレード: 0 個、新規インストール: 0 個、削除: 1 個、保留: 0 個。
この操作後に 354 kB のディスク容量が解放されます。
(データベースを読み込んでいます ... 現在 94018 個のファイルとディレクトリがインストールされています。)
libfuse2:arm64 (2.9.9-5) を削除しています ...
libc-bin (2.31-13+rpt2+rpi1+deb11u3) のトリガを処理しています ...
Looking in indexes: https://pypi.org/simple, https://www.piwheels.org/simple
Requirement already satisfied: pip in ./raspi4_apps/lib/python3.9/site-packages (20.3.4)
Collecting pip
  Downloading https://www.piwheels.org/simple/pip/pip-22.2.2-py3-none-any.whl (2.0 MB)
     |████████████████████████████████| 2.0 MB 410 kB/s 
Installing collected packages: pip
  Attempting uninstall: pip
    Found existing installation: pip 20.3.4
    Uninstalling pip-20.3.4:
      Successfully uninstalled pip-20.3.4
Successfully installed pip-22.2.2
Looking in indexes: https://pypi.org/simple, https://www.piwheels.org/simple
Collecting click==8.1.3
  Downloading https://www.piwheels.org/simple/click/click-8.1.3-py3-none-any.whl (96 kB)
     ━━━━━━━━━━━━━━━━━━━━━━━━━━━━━━━━━━━━━━━━ 96.6/96.6 kB 286.9 kB/s eta 0:00:00
Collecting cycler==0.11.0
  Downloading https://www.piwheels.org/simple/cycler/cycler-0.11.0-py3-none-any.whl (6.4 kB)
Collecting Flask==2.1.3
  Downloading https://www.piwheels.org/simple/flask/Flask-2.1.3-py3-none-any.whl (95 kB)
     ━━━━━━━━━━━━━━━━━━━━━━━━━━━━━━━━━━━━━━━━ 95.6/95.6 kB 302.7 kB/s eta 0:00:00
Collecting fonttools==4.34.4
  Downloading fonttools-4.34.4-py3-none-any.whl (944 kB)
     ━━━━━━━━━━━━━━━━━━━━━━━━━━━━━━━━━━━━━━━━ 944.1/944.1 kB 5.1 MB/s eta 0:00:00
Collecting greenlet==1.1.2
  Downloading greenlet-1.1.2-cp39-cp39-manylinux_2_17_aarch64.manylinux2014_aarch64.whl (154 kB)
     ━━━━━━━━━━━━━━━━━━━━━━━━━━━━━━━━━━━━━━━━ 154.8/154.8 kB 5.3 MB/s eta 0:00:00
Collecting importlib-metadata==4.12.0
  Downloading https://www.piwheels.org/simple/importlib-metadata/importlib_metadata-4.12.0-py3-none-any.whl (21 kB)
Collecting itsdangerous==2.1.2
  Downloading https://www.piwheels.org/simple/itsdangerous/itsdangerous-2.1.2-py3-none-any.whl (15 kB)
Collecting Jinja2==3.1.2
  Downloading https://www.piwheels.org/simple/jinja2/Jinja2-3.1.2-py3-none-any.whl (133 kB)
     ━━━━━━━━━━━━━━━━━━━━━━━━━━━━━━━━━━━━━━━━ 133.1/133.1 kB 425.2 kB/s eta 0:00:00
Collecting kiwisolver==1.4.4
  Downloading kiwisolver-1.4.4-cp39-cp39-manylinux_2_17_aarch64.manylinux2014_aarch64.whl (1.4 MB)
     ━━━━━━━━━━━━━━━━━━━━━━━━━━━━━━━━━━━━━━━━ 1.4/1.4 MB 2.5 MB/s eta 0:00:00
Collecting MarkupSafe==2.1.1
  Downloading MarkupSafe-2.1.1-cp39-cp39-manylinux_2_17_aarch64.manylinux2014_aarch64.whl (26 kB)
Collecting matplotlib==3.5.2
  Downloading matplotlib-3.5.2-cp39-cp39-manylinux_2_17_aarch64.manylinux2014_aarch64.whl (11.6 MB)
     ━━━━━━━━━━━━━━━━━━━━━━━━━━━━━━━━━━━━━━━━ 11.6/11.6 MB 2.0 MB/s eta 0:00:00
Collecting numpy==1.23.1
  Downloading numpy-1.23.1-cp39-cp39-manylinux_2_17_aarch64.manylinux2014_aarch64.whl (13.9 MB)
     ━━━━━━━━━━━━━━━━━━━━━━━━━━━━━━━━━━━━━━━━ 13.9/13.9 MB 1.1 MB/s eta 0:00:00
Collecting packaging==21.3
  Downloading https://www.piwheels.org/simple/packaging/packaging-21.3-py3-none-any.whl (40 kB)
     ━━━━━━━━━━━━━━━━━━━━━━━━━━━━━━━━━━━━━━━━ 40.8/40.8 kB 108.7 kB/s eta 0:00:00
Collecting pandas==1.4.3
  Downloading pandas-1.4.3-cp39-cp39-manylinux_2_17_aarch64.manylinux2014_aarch64.whl (11.1 MB)
     ━━━━━━━━━━━━━━━━━━━━━━━━━━━━━━━━━━━━━━━━ 11.1/11.1 MB 2.0 MB/s eta 0:00:00
Collecting Pillow==9.2.0
  Downloading Pillow-9.2.0-cp39-cp39-manylinux_2_28_aarch64.whl (3.1 MB)
     ━━━━━━━━━━━━━━━━━━━━━━━━━━━━━━━━━━━━━━━━ 3.1/3.1 MB 3.6 MB/s eta 0:00:00
Collecting psycopg2-binary==2.9.3
  Downloading psycopg2_binary-2.9.3-cp39-cp39-manylinux_2_24_aarch64.whl (3.4 MB)
     ━━━━━━━━━━━━━━━━━━━━━━━━━━━━━━━━━━━━━━━━ 3.4/3.4 MB 3.5 MB/s eta 0:00:00
Collecting pyparsing==3.0.9
  Downloading https://www.piwheels.org/simple/pyparsing/pyparsing-3.0.9-py3-none-any.whl (98 kB)
     ━━━━━━━━━━━━━━━━━━━━━━━━━━━━━━━━━━━━━━━━ 98.3/98.3 kB 151.7 kB/s eta 0:00:00
Collecting python-dateutil==2.8.2
  Downloading https://www.piwheels.org/simple/python-dateutil/python_dateutil-2.8.2-py2.py3-none-any.whl (247 kB)
     ━━━━━━━━━━━━━━━━━━━━━━━━━━━━━━━━━━━━━━━━ 247.7/247.7 kB 752.9 kB/s eta 0:00:00
Collecting pytz==2022.1
  Downloading https://www.piwheels.org/simple/pytz/pytz-2022.1-py3-none-any.whl (511 kB)
     ━━━━━━━━━━━━━━━━━━━━━━━━━━━━━━━━━━━━━━━━ 511.2/511.2 kB 169.3 kB/s eta 0:00:00
Collecting six==1.16.0
  Downloading https://www.piwheels.org/simple/six/six-1.16.0-py2.py3-none-any.whl (11 kB)
Collecting waitress==2.1.2
  Downloading https://www.piwheels.org/simple/waitress/waitress-2.1.2-py3-none-any.whl (57 kB)
     ━━━━━━━━━━━━━━━━━━━━━━━━━━━━━━━━━━━━━━━━ 57.7/57.7 kB 55.3 kB/s eta 0:00:00
Collecting Werkzeug==2.2.0
  Downloading https://www.piwheels.org/simple/werkzeug/Werkzeug-2.2.0-py3-none-any.whl (232 kB)
     ━━━━━━━━━━━━━━━━━━━━━━━━━━━━━━━━━━━━━━━━ 232.2/232.2 kB 696.8 kB/s eta 0:00:00
Collecting zipp==3.8.1
  Downloading https://www.piwheels.org/simple/zipp/zipp-3.8.1-py3-none-any.whl (5.6 kB)
Installing collected packages: pytz, zipp, waitress, six, pyparsing, psycopg2-binary, Pillow, numpy, MarkupSafe, kiwisolver, itsdangerous, greenlet, fonttools, cycler, click, Werkzeug, python-dateutil, packaging, Jinja2, importlib-metadata, pandas, matplotlib, Flask
Successfully installed Flask-2.1.3 Jinja2-3.1.2 MarkupSafe-2.1.1 Pillow-9.2.0 Werkzeug-2.2.0 click-8.1.3 cycler-0.11.0 fonttools-4.34.4 greenlet-1.1.2 importlib-metadata-4.12.0 itsdangerous-2.1.2 kiwisolver-1.4.4 matplotlib-3.5.2 numpy-1.23.1 packaging-21.3 pandas-1.4.3 psycopg2-binary-2.9.3 pyparsing-3.0.9 python-dateutil-2.8.2 pytz-2022.1 six-1.16.0 waitress-2.1.2 zipp-3.8.1
Install requirements libraries into raspi4_apps >> status=0
ユーザ pi をグループ docker に追加
Created symlink /etc/systemd/system/multi-user.target.wants/postgres-12-docker.service → /etc/systemd/system/postgres-12-docker.service.
Created symlink /etc/systemd/system/multi-user.target.wants/cleanup-postgres-12-docker.service → /etc/systemd/system/cleanup-postgres-12-docker.service.
Created symlink /etc/systemd/system/multi-user.target.wants/udp-weather-mon.service → /etc/systemd/system/udp-weather-mon.service.
Done, logout this terminqal.

pi@raspi-4:~ $ exit
ログアウト
Connection to raspi-4 closed.

$ ssh pi@raspi-4
Linux raspi-4 5.15.32-v8+ #1538 SMP PREEMPT Thu Mar 31 19:40:39 BST 2022 aarch64

The programs included with the Debian GNU/Linux system are free software;
the exact distribution terms for each program are described in the
individual files in /usr/share/doc/*/copyright.

Debian GNU/Linux comes with ABSOLUTELY NO WARRANTY, to the extent
permitted by applicable law.
Last login: Sat Sep  3 16:48:25 2022 from 192.168.0.101

pi@raspi-4:~ $ ./2_create_postgresql_container.sh 
Creating network "postgres_default" with the default driver
Building postgres
Step 1/2 : FROM postgres:12-alpine
12-alpine: Pulling from library/postgres
9b18e9b68314: Pull complete
75aada9edfc5: Pull complete
820773693750: Pull complete
83dc43929537: Pull complete
92e2c19af124: Pull complete
52f242e5c209: Pull complete
e0a8c8565c42: Pull complete
a424ab832487: Pull complete
Digest: sha256:55fb7ba926381c2ac1f8f58bb181dd932f140aa467c3097a07c6815648dbc5e2
Status: Downloaded newer image for postgres:12-alpine
 ---> f806c3b223bd
Step 2/2 : COPY initdb/*.sql /docker-entrypoint-initdb.d/
 ---> 31512618d9f3
Successfully built 31512618d9f3
Successfully tagged postgres_postgres:latest
Creating postgres-12 ... done
Docker create PostgreSQL container >> status=0
Stopping postgres-12 ... done
Removing postgres-12 ... done
Removing network postgres_default
Done.

pi@raspi-4:~ $ ./3_migrate_weatherdb.sh 2021-11-01
weather.db   100% 3040KB   3.5MB/s   00:00    
scp paspi-zero:weather.db into sqlite3db directory >> status=0
Output device csv to csv/device.csv
Record count: 1
Output weather csv to csv/weather.csv
Record count: 45311
export SQLite3 db to weather.csv >> status=0
Creating network "postgres_default" with the default driver
Creating postgres-12 ... done
docker-compose up -d >> status=0
ALTER TABLE
ALTER TABLE
COPY 1
COPY 45311
ALTER TABLE
ALTER TABLE
docker exec import_all_csv.sh >> status=0
Stopping postgres-12 ... done
Removing postgres-12 ... done
Removing network postgres_default
SQLite3 weatherdb migration to PostgreSQL complete!

pi@raspi-4:~ $ ./4_inst_webapp.sh 
/usr/share/fonts: caching, new cache contents: 0 fonts, 5 dirs
/usr/share/fonts/cMap: caching, new cache contents: 0 fonts, 0 dirs
/usr/share/fonts/cmap: caching, new cache contents: 0 fonts, 5 dirs
/usr/share/fonts/cmap/adobe-cns1: caching, new cache contents: 0 fonts, 0 dirs
/usr/share/fonts/cmap/adobe-gb1: caching, new cache contents: 0 fonts, 0 dirs
/usr/share/fonts/cmap/adobe-japan1: caching, new cache contents: 0 fonts, 0 dirs
/usr/share/fonts/cmap/adobe-japan2: caching, new cache contents: 0 fonts, 0 dirs
/usr/share/fonts/cmap/adobe-korea1: caching, new cache contents: 0 fonts, 0 dirs
/usr/share/fonts/opentype: caching, new cache contents: 0 fonts, 2 dirs
/usr/share/fonts/opentype/cantarell: caching, new cache contents: 5 fonts, 0 dirs
/usr/share/fonts/opentype/urw-base35: caching, new cache contents: 35 fonts, 0 dirs
/usr/share/fonts/truetype: caching, new cache contents: 0 fonts, 7 dirs
/usr/share/fonts/truetype/dejavu: caching, new cache contents: 6 fonts, 0 dirs
/usr/share/fonts/truetype/droid: caching, new cache contents: 1 fonts, 0 dirs
/usr/share/fonts/truetype/freefont: caching, new cache contents: 12 fonts, 0 dirs
/usr/share/fonts/truetype/liberation2: caching, new cache contents: 12 fonts, 0 dirs
/usr/share/fonts/truetype/noto: caching, new cache contents: 3 fonts, 0 dirs
/usr/share/fonts/truetype/piboto: caching, new cache contents: 16 fonts, 0 dirs
/usr/share/fonts/truetype/quicksand: caching, new cache contents: 4 fonts, 0 dirs
/usr/share/fonts/type1: caching, new cache contents: 0 fonts, 1 dirs
/usr/share/fonts/type1/urw-base35: caching, new cache contents: 35 fonts, 0 dirs
/usr/local/share/fonts: caching, new cache contents: 0 fonts, 0 dirs
/home/pi/.local/share/fonts: skipping, no such directory
/home/pi/.fonts: skipping, no such directory
/usr/share/fonts/cMap: skipping, looped directory detected
/usr/share/fonts/cmap: skipping, looped directory detected
/usr/share/fonts/opentype: skipping, looped directory detected
/usr/share/fonts/truetype: skipping, looped directory detected
/usr/share/fonts/type1: skipping, looped directory detected
/usr/share/fonts/cmap/adobe-cns1: skipping, looped directory detected
/usr/share/fonts/cmap/adobe-gb1: skipping, looped directory detected
/usr/share/fonts/cmap/adobe-japan1: skipping, looped directory detected
/usr/share/fonts/cmap/adobe-japan2: skipping, looped directory detected
/usr/share/fonts/cmap/adobe-korea1: skipping, looped directory detected
/usr/share/fonts/opentype/cantarell: skipping, looped directory detected
/usr/share/fonts/opentype/urw-base35: skipping, looped directory detected
/usr/share/fonts/truetype/dejavu: skipping, looped directory detected
/usr/share/fonts/truetype/droid: skipping, looped directory detected
/usr/share/fonts/truetype/freefont: skipping, looped directory detected
/usr/share/fonts/truetype/liberation2: skipping, looped directory detected
/usr/share/fonts/truetype/noto: skipping, looped directory detected
/usr/share/fonts/truetype/piboto: skipping, looped directory detected
/usr/share/fonts/truetype/quicksand: skipping, looped directory detected
/usr/share/fonts/type1/urw-base35: skipping, looped directory detected
/var/cache/fontconfig: not cleaning unwritable cache directory
/home/pi/.cache/fontconfig: cleaning cache directory
/home/pi/.fontconfig: not cleaning non-existent cache directory
fc-cache: succeeded
Created symlink /etc/systemd/system/multi-user.target.wants/webapp-plot-weather.service → /etc/systemd/system/webapp-plot-weather.service.
rebooting.
Connection to raspi-4 closed by remote host.
Connection to raspi-4 closed.

